{"/Users/alvinyuen/Project-JS/webpack-static/src/components/About.js": {"path":"/Users/alvinyuen/Project-JS/webpack-static/src/components/About.js","statementMap":{"0":{"start":{"line":3,"column":14},"end":{"line":8,"column":1}},"1":{"start":{"line":4,"column":2},"end":{"line":7,"column":8}}},"fnMap":{"0":{"name":"(anonymous_0)","decl":{"start":{"line":3,"column":14},"end":{"line":3,"column":15}},"loc":{"start":{"line":4,"column":2},"end":{"line":7,"column":8}}}},"branchMap":{},"s":{"0":1,"1":1},"f":{"0":1},"b":{},"_coverageSchema":"332fd63041d2c1bcb487cc26dd0d5f7d97098a6c","hash":"40ba57af6a7d24e0ff78c8c52e0910eae0471a1c"}
}
